# JRE version: OpenJDK Runtime Environment (14.0.1+7) (build 14.0.1+7)
# Java VM: OpenJDK 64-Bit Server VM (14.0.1+7, mixed mode, sharing, tiered, compressed oops, g1 gc, windows-amd64)
Heap:
 garbage-first heap   total 40960K, used 15845K [0x00000000c1c00000, 0x0000000100000000)
  region size 1024K, 4 young (4096K), 3 survivors (3072K)
 Metaspace       used 30565K, capacity 31566K, committed 31740K, reserved 1081344K
  class space    used 4123K, capacity 4504K, committed 4604K, reserved 1048576K
GC Heap History (18 events):
Event: 0.924 GC heap before
{Heap before GC invocations=0 (full 0):
 garbage-first heap   total 65536K, used 23552K [0x00000000c1c00000, 0x0000000100000000)
  region size 1024K, 23 young (23552K), 0 survivors (0K)
 Metaspace       used 7147K, capacity 7530K, committed 7680K, reserved 1056768K
  class space    used 900K, capacity 1009K, committed 1024K, reserved 1048576K
}
Event: 0.931 GC heap after
{Heap after GC invocations=1 (full 0):
 garbage-first heap   total 65536K, used 5379K [0x00000000c1c00000, 0x0000000100000000)
  region size 1024K, 3 young (3072K), 3 survivors (3072K)
 Metaspace       used 7147K, capacity 7530K, committed 7680K, reserved 1056768K
  class space    used 900K, capacity 1009K, committed 1024K, reserved 1048576K
}
Event: 1.200 GC heap before
{Heap before GC invocations=1 (full 0):
 garbage-first heap   total 65536K, used 29955K [0x00000000c1c00000, 0x0000000100000000)
  region size 1024K, 27 young (27648K), 3 survivors (3072K)
 Metaspace       used 11796K, capacity 12299K, committed 12544K, reserved 1060864K
  class space    used 1544K, capacity 1741K, committed 1792K, reserved 1048576K
}
Event: 1.207 GC heap after
{Heap after GC invocations=2 (full 0):
 garbage-first heap   total 65536K, used 6662K [0x00000000c1c00000, 0x0000000100000000)
  region size 1024K, 2 young (2048K), 2 survivors (2048K)
 Metaspace       used 11796K, capacity 12299K, committed 12544K, reserved 1060864K
  class space    used 1544K, capacity 1741K, committed 1792K, reserved 1048576K
}
Event: 1.660 GC heap before
{Heap before GC invocations=2 (full 0):
 garbage-first heap   total 65536K, used 37382K [0x00000000c1c00000, 0x0000000100000000)
  region size 1024K, 32 young (32768K), 2 survivors (2048K)
 Metaspace       used 14792K, capacity 15380K, committed 15616K, reserved 1062912K
  class space    used 1970K, capacity 2191K, committed 2304K, reserved 1048576K
}
Event: 1.664 GC heap after
{Heap after GC invocations=3 (full 0):
 garbage-first heap   total 65536K, used 8083K [0x00000000c1c00000, 0x0000000100000000)
  region size 1024K, 3 young (3072K), 3 survivors (3072K)
 Metaspace       used 14792K, capacity 15380K, committed 15616K, reserved 1062912K
  class space    used 1970K, capacity 2191K, committed 2304K, reserved 1048576K
}
Event: 2.053 GC heap before
{Heap before GC invocations=3 (full 0):
 garbage-first heap   total 65536K, used 43923K [0x00000000c1c00000, 0x0000000100000000)
  region size 1024K, 38 young (38912K), 3 survivors (3072K)
 Metaspace       used 16400K, capacity 17008K, committed 17152K, reserved 1064960K
  class space    used 2215K, capacity 2450K, committed 2560K, reserved 1048576K
}
Event: 2.060 GC heap after
{Heap after GC invocations=4 (full 0):
 garbage-first heap   total 65536K, used 8909K [0x00000000c1c00000, 0x0000000100000000)
  region size 1024K, 3 young (3072K), 3 survivors (3072K)
 Metaspace       used 16400K, capacity 17008K, committed 17152K, reserved 1064960K
  class space    used 2215K, capacity 2450K, committed 2560K, reserved 1048576K
}
Event: 3.562 GC heap before
{Heap before GC invocations=4 (full 0):
 garbage-first heap   total 65536K, used 26317K [0x00000000c1c00000, 0x0000000100000000)
  region size 1024K, 22 young (22528K), 3 survivors (3072K)
 Metaspace       used 20402K, capacity 21193K, committed 21248K, reserved 1067008K
  class space    used 2773K, capacity 3055K, committed 3072K, reserved 1048576K
}
Event: 3.570 GC heap after
{Heap after GC invocations=5 (full 0):
 garbage-first heap   total 78848K, used 10157K [0x00000000c1c00000, 0x0000000100000000)
  region size 1024K, 4 young (4096K), 4 survivors (4096K)
 Metaspace       used 20402K, capacity 21193K, committed 21248K, reserved 1067008K
  class space    used 2773K, capacity 3055K, committed 3072K, reserved 1048576K
}
Event: 4.467 GC heap before
{Heap before GC invocations=6 (full 0):
 garbage-first heap   total 40960K, used 30637K [0x00000000c1c00000, 0x0000000100000000)
  region size 1024K, 24 young (24576K), 4 survivors (4096K)
 Metaspace       used 22902K, capacity 23811K, committed 23932K, reserved 1069056K
  class space    used 3052K, capacity 3372K, committed 3452K, reserved 1048576K
}
Event: 4.473 GC heap after
{Heap after GC invocations=7 (full 0):
 garbage-first heap   total 40960K, used 11348K [0x00000000c1c00000, 0x0000000100000000)
  region size 1024K, 3 young (3072K), 3 survivors (3072K)
 Metaspace       used 22902K, capacity 23811K, committed 23932K, reserved 1069056K
  class space    used 3052K, capacity 3372K, committed 3452K, reserved 1048576K
}
Event: 4.705 GC heap before
{Heap before GC invocations=7 (full 0):
 garbage-first heap   total 40960K, used 29780K [0x00000000c1c00000, 0x0000000100000000)
  region size 1024K, 21 young (21504K), 3 survivors (3072K)
 Metaspace       used 24808K, capacity 25724K, committed 25980K, reserved 1071104K
  class space    used 3322K, capacity 3666K, committed 3708K, reserved 1048576K
}
Event: 4.709 GC heap after
{Heap after GC invocations=8 (full 0):
 garbage-first heap   total 40960K, used 12696K [0x00000000c1c00000, 0x0000000100000000)
  region size 1024K, 3 young (3072K), 3 survivors (3072K)
 Metaspace       used 24808K, capacity 25724K, committed 25980K, reserved 1071104K
  class space    used 3322K, capacity 3666K, committed 3708K, reserved 1048576K
}
Event: 19.805 GC heap before
{Heap before GC invocations=8 (full 0):
 garbage-first heap   total 40960K, used 30104K [0x00000000c1c00000, 0x0000000100000000)
  region size 1024K, 21 young (21504K), 3 survivors (3072K)
 Metaspace       used 27465K, capacity 28505K, committed 28796K, reserved 1073152K
  class space    used 3711K, capacity 4103K, committed 4220K, reserved 1048576K
}
Event: 19.809 GC heap after
{Heap after GC invocations=9 (full 0):
 garbage-first heap   total 40960K, used 13893K [0x00000000c1c00000, 0x0000000100000000)
  region size 1024K, 3 young (3072K), 3 survivors (3072K)
 Metaspace       used 27465K, capacity 28505K, committed 28796K, reserved 1073152K
  class space    used 3711K, capacity 4103K, committed 4220K, reserved 1048576K
}
Event: 27.036 GC heap before
{Heap before GC invocations=9 (full 0):
 garbage-first heap   total 40960K, used 30277K [0x00000000c1c00000, 0x0000000100000000)
  region size 1024K, 20 young (20480K), 3 survivors (3072K)
 Metaspace       used 30411K, capacity 31438K, committed 31740K, reserved 1081344K
  class space    used 4113K, capacity 4504K, committed 4604K, reserved 1048576K
}
Event: 27.041 GC heap after
{Heap after GC invocations=10 (full 0):
 garbage-first heap   total 40960K, used 15845K [0x00000000c1c00000, 0x0000000100000000)
  region size 1024K, 3 young (3072K), 3 survivors (3072K)
 Metaspace       used 30411K, capacity 31438K, committed 31740K, reserved 1081344K
  class space    used 4113K, capacity 4504K, committed 4604K, reserved 1048576K
}

